<?xml version="1.0" encoding="UTF-8"?>
<testsuite xmlns:xsi="http://www.w3.org/2001/XMLSchema-instance" xsi:noNamespaceSchemaLocation="https://maven.apache.org/surefire/maven-surefire-plugin/xsd/surefire-test-report-3.0.xsd" version="3.0" name="Smoke steps" time="10.159" tests="2" errors="1" skipped="0" failures="0">
  <properties>
[...]
</properties>
  <testcase name="Simple user interactions in TixWix" classname="Smoke steps" time="6.428">
    <system-out><![CDATA[BeforeAll
@hxro
Feature: Smoke steps

  @hxro @hxro1
  Scenario: Simple user interactions in TixWix &amp#27;[90m# src/test/resources/features/hxro.feature:5&amp#27;[0m
INFO 21:01:13:234 wdm.WebDriverManager resolveDriverVersion:573 Using chromedriver 88.0.4324.96 (since Chrome 88 is installed in your machine)
INFO 21:01:13:264 wdm.WebDriverManager exportDriver:631 Exporting webdriver.chrome.driver as /Users/anvarxadja/.m2/repository/webdriver/chromedriver/mac64/88.0.4324.96/chromedriver
    &amp#27;[32mGiven &amp#27;[0m&amp#27;[32mI open &amp#27;[0m&amp#27;[32m&amp#27;[1m"hxro"&amp#27;[0m&amp#27;[32m page&amp#27;[0m                   &amp#27;[90m# HxroStepDefs.iOpenPage(String)&amp#27;[0m
    &amp#27;[32mThen &amp#27;[0m&amp#27;[32mI verify elements on the page&amp#27;[0m         &amp#27;[90m# HxroStepDefs.iVerifyElementsOnThePage()&amp#27;[0m
    &amp#27;[32mAnd &amp#27;[0m&amp#27;[32mI select &amp#27;[0m&amp#27;[32m&amp#27;[1m"tixwix"&amp#27;[0m                      &amp#27;[90m# HxroStepDefs.iSelect(String)&amp#27;[0m
    &amp#27;[32mThen &amp#27;[0m&amp#27;[32mI verify elements on the page&amp#27;[0m         &amp#27;[90m# HxroStepDefs.iVerifyElementsOnThePage()&amp#27;[0m
    &amp#27;[32mAnd &amp#27;[0m&amp#27;[32mI select contracts available dates&amp#27;[0m     &amp#27;[90m# HxroStepDefs.iSelectContractsAvailableDates()&amp#27;[0m
    &amp#27;[32mWhen &amp#27;[0m&amp#27;[32mI verify expiration date&amp#27;[0m              &amp#27;[90m# HxroStepDefs.iVerifyExpirationDate()&amp#27;[0m
]]></system-out>
    <system-err><![CDATA[Feb 19, 2021 9:01:12 PM cucumber.runtime.java.ObjectFactoryLoader loadSingleObjectFactory
WARNING: Use deprecated reflections to load ObjectFactory.
ChromeDriver was started successfully.
Feb 19, 2021 9:01:16 PM org.openqa.selenium.remote.ProtocolHandshake createSession
INFO: Detected dialect: W3C
]]></system-err>
  </testcase>
  <testcase name="Sign up steps" classname="Smoke steps" time="3.657">
    <error type="java.lang.NullPointerException"><![CDATA[java.lang.NullPointerException
]]></error>
    <system-out><![CDATA[
  @hxro @hxro2
  Scenario: Sign up steps          &amp#27;[90m# src/test/resources/features/hxro.feature:14&amp#27;[0m
INFO 21:01:18:643 wdm.WebDriverManager resolveDriverVersion:573 Using chromedriver 88.0.4324.96 (since Chrome 88 is installed in your machine)
INFO 21:01:18:648 wdm.WebDriverManager exportDriver:631 Exporting webdriver.chrome.driver as /Users/anvarxadja/.m2/repository/webdriver/chromedriver/mac64/88.0.4324.96/chromedriver
    &amp#27;[32mGiven &amp#27;[0m&amp#27;[32mI open &amp#27;[0m&amp#27;[32m&amp#27;[1m"hxro"&amp#27;[0m&amp#27;[32m page&amp#27;[0m       &amp#27;[90m# HxroStepDefs.iOpenPage(String)&amp#27;[0m
    &amp#27;[31mAnd &amp#27;[0m&amp#27;[31mI click on register button&amp#27;[0m &amp#27;[90m# HxroStepDefs.iClickOnButton()&amp#27;[0m
      &amp#27;[31mjava.lang.NullPointerException
	at pages.HxroPage.clickRegisterButton(HxroPage.java:30)
	at definitions.HxroStepDefs.iClickOnButton(HxroStepDefs.java:71)
	at ✽.I click on register button(file:src/test/resources/features/hxro.feature:16)
&amp#27;[0m
]]></system-out>
    <system-err><![CDATA[ChromeDriver was started successfully.
Feb 19, 2021 9:01:20 PM org.openqa.selenium.remote.ProtocolHandshake createSession
INFO: Detected dialect: W3C
]]></system-err>
  </testcase>
</testsuite>